Add Component: Footprint Not Found SW_SLW-913535-2A-SMT
Add Component: Footprint Not Found Testpoint Footprint
Add Component: Footprint Not Found Testpoint Footprint
Add Component: Footprint Not Found Testpoint Footprint
Add Component: Footprint Not Found Testpoint Footprint
Add Component: Footprint Not Found Testpoint Footprint
Add Component: Footprint Not Found Testpoint Footprint
Add Component: Footprint Not Found Testpoint Footprint
Add Component: Footprint Not Found Testpoint Footprint
Add Component: Footprint Not Found Testpoint Footprint
Add Component: Footprint Not Found Testpoint Footprint
Add Component: Footprint Not Found S-1317A33-M5T1U4
Add Pin To Net: Unknown Pin: Pin S1-1
Add Pin To Net: Unknown Pin: Pin S1-2
Added Pin To Net: NetName=GND Pin=TP1-1
Add Pin To Net: Unknown Pin: Pin TP2-1
Add Pin To Net: Unknown Pin: Pin TP3-1
Add Pin To Net: Unknown Pin: Pin TP4-1
Add Pin To Net: Unknown Pin: Pin TP5-1
Add Pin To Net: Unknown Pin: Pin TP6-1
Add Pin To Net: Unknown Pin: Pin TP7-1
Add Pin To Net: Unknown Pin: Pin TP8-1
Add Pin To Net: Unknown Pin: Pin TP9-1
Add Pin To Net: Unknown Pin: Pin TP10-1
Add Pin To Net: Unknown Pin: Pin TP11-1
Add Pin To Net: Unknown Pin: Pin U3-1
Add Pin To Net: Unknown Pin: Pin U3-2
Add Pin To Net: Unknown Pin: Pin U3-5
Added Pin To Net: NetName=SCL Pin=U5-1
Added Pin To Net: NetName=3V3 Pin=U5-2
Added Pin To Net: NetName=GND Pin=U5-3
Added Pin To Net: NetName=SDA Pin=U5-4
Added Pin To Net: NetName=GND Pin=U5-6
Added Pin To Net: NetName=GND Pin=U5-7
Added Pin To Net: NetName=GND Pin=U5-8
Added Pin To Net: NetName=3V3 Pin=U5-9
Added Pin To Net: NetName=3V3 Pin=U5-10
Added Pin To Net: NetName=TP0 Pin=U12-1
Added Pin To Net: NetName=TP1 Pin=U12-2
Added Pin To Net: NetName=PA7//MOSI Pin=U12-3
Added Pin To Net: NetName=PA1//SCK Pin=U12-4
Added Pin To Net: NetName=PB4//NJTRST//DC Pin=U12-5
Added Pin To Net: NetName=PB3//JTDO//RES Pin=U12-6
Added Pin To Net: NetName=PA4//NSS Pin=U12-7
Added Pin To Net: NetName=GND Pin=U12-8
Added Pin To Net: NetName=3V3 Pin=U12-10
Added Pin To Net: NetName=LEDK Pin=U12-11
Added Pin To Net: NetName=3V3 Pin=U12-12
Added Pin To Net: NetName=GND Pin=U12-13
Add Class Member: Failed to add class member : Component S1 SLW-913535-2A-SMT
Add Class Member: Failed to add class member : Component TP2 Testpoint
Add Class Member: Failed to add class member : Component TP3 Testpoint
Add Class Member: Failed to add class member : Component TP4 Testpoint
Add Class Member: Failed to add class member : Component TP5 Testpoint
Add Class Member: Failed to add class member : Component TP6 Testpoint
Add Class Member: Failed to add class member : Component TP7 Testpoint
Add Class Member: Failed to add class member : Component TP8 Testpoint
Add Class Member: Failed to add class member : Component TP9 Testpoint
Add Class Member: Failed to add class member : Component TP10 Testpoint
Add Class Member: Failed to add class member : Component TP11 Testpoint
Add Class Member: Failed to add class member : Component U3 S-1317A33-M5T1U4
Added Member To Class: ClassName=Main Member=Component U5 LIS2DUXS12TR
