Removed Pin From Net: NetName=GND Pin=R14-1
Removed Pin From Net: NetName=SCL Pin=R14-2
Removed Pin From Net: NetName=GND Pin=R15-1
Removed Pin From Net: NetName=SDA Pin=R15-2
Removed Member From Class: ClassName=Main Member=R34
Removed Member From Class: ClassName=Main Member=R35
Change Component Designator: OldDesignator=R16 NewDesignator=R14
Change Component Designator: OldDesignator=R17 NewDesignator=R15
Change Component Designator: OldDesignator=R18 NewDesignator=R16
Change Component Designator: OldDesignator=R19 NewDesignator=R17
Change Component Designator: OldDesignator=R20 NewDesignator=R18
Change Component Designator: OldDesignator=R21 NewDesignator=R19
Change Component Designator: OldDesignator=R22 NewDesignator=R20
Change Component Designator: OldDesignator=R23 NewDesignator=R21
Change Component Designator: OldDesignator=R24 NewDesignator=R22
Change Component Designator: OldDesignator=R25 NewDesignator=R23
Change Component Designator: OldDesignator=R26 NewDesignator=R24
Change Component Designator: OldDesignator=R27 NewDesignator=R25
Change Component Designator: OldDesignator=R28 NewDesignator=R26
Change Component Designator: OldDesignator=R29 NewDesignator=R27
Change Component Designator: OldDesignator=R30 NewDesignator=R28
Change Component Designator: OldDesignator=R31 NewDesignator=R29
Change Component Designator: OldDesignator=R32 NewDesignator=R30
Change Component Designator: OldDesignator=R33 NewDesignator=R31
Change Component Designator: OldDesignator=R34 NewDesignator=R32
Change Component Designator: OldDesignator=R35 NewDesignator=R33
Change Net Name : Old Net Name=NetR19_1 New Net Name=NetR17_1
Change Net Name : Old Net Name=NetR21_2 New Net Name=NetR19_2
Change Net Name : Old Net Name=NetR24_2 New Net Name=NetR22_2
Change Net Name : Old Net Name=NetR25_2 New Net Name=NetR23_2
Change Net Name : Old Net Name=NetR26_2 New Net Name=NetR24_2
Change Net Name : Old Net Name=NetR27_2 New Net Name=NetR25_2
